<?xml version="1.0" encoding="UTF-8"?>
<coverage generated="1539380804069" clover="3.2.0">
  <project timestamp="1539380804069" name="All files">
    <metrics statements="28" coveredstatements="6" conditionals="15" coveredconditionals="1" methods="14" coveredmethods="3" elements="57" coveredelements="10" complexity="0" loc="28" ncloc="28" packages="1" files="3" classes="3">
      <file name="Carousel.js" path="/Users/gaba/bHoltReact/part_one_react/src/Carousel.js">
        <metrics statements="9" coveredstatements="0" conditionals="9" coveredconditionals="0" methods="5" coveredmethods="0"/>
        <line num="9" count="0" type="stmt"/>
        <line num="10" count="0" type="cond" truecount="0" falsecount="5"/>
        <line num="11" count="0" type="stmt"/>
        <line num="13" count="0" type="stmt"/>
        <line num="17" count="0" type="stmt"/>
        <line num="22" count="0" type="stmt"/>
        <line num="23" count="0" type="cond" truecount="0" falsecount="2"/>
        <line num="26" count="0" type="stmt"/>
        <line num="31" count="0" type="stmt"/>
      </file>
      <file name="Details.js" path="/Users/gaba/bHoltReact/part_one_react/src/Details.js">
        <metrics statements="13" coveredstatements="5" conditionals="6" coveredconditionals="1" methods="5" coveredmethods="3"/>
        <line num="7" count="1" type="stmt"/>
        <line num="19" count="1" type="stmt"/>
        <line num="23" count="2" type="stmt"/>
        <line num="29" count="0" type="stmt"/>
        <line num="32" count="0" type="cond" truecount="0" falsecount="2"/>
        <line num="33" count="0" type="stmt"/>
        <line num="35" count="0" type="stmt"/>
        <line num="38" count="0" type="stmt"/>
        <line num="49" count="0" type="stmt"/>
        <line num="53" count="3" type="cond" truecount="1" falsecount="1"/>
        <line num="54" count="3" type="stmt"/>
        <line num="64" count="0" type="stmt"/>
        <line num="65" count="0" type="stmt"/>
      </file>
      <file name="Modal.js" path="/Users/gaba/bHoltReact/part_one_react/src/Modal.js">
        <metrics statements="6" coveredstatements="1" conditionals="0" coveredconditionals="0" methods="4" coveredmethods="0"/>
        <line num="5" count="1" type="stmt"/>
        <line num="9" count="0" type="stmt"/>
        <line num="10" count="0" type="stmt"/>
        <line num="14" count="0" type="stmt"/>
        <line num="18" count="0" type="stmt"/>
        <line num="22" count="0" type="stmt"/>
      </file>
    </metrics>
  </project>
</coverage>
