{"/Users/gaba/bHoltReact/part_one_react/src/Carousel.js": {"path":"/Users/gaba/bHoltReact/part_one_react/src/Carousel.js","statementMap":{"0":{"start":{"line":9,"column":17},"end":{"line":9,"column":19}},"1":{"start":{"line":10,"column":4},"end":{"line":12,"column":5}},"2":{"start":{"line":11,"column":6},"end":{"line":11,"column":75}},"3":{"start":{"line":11,"column":50},"end":{"line":11,"column":73}},"4":{"start":{"line":13,"column":4},"end":{"line":13,"column":22}},"5":{"start":{"line":17,"column":4},"end":{"line":19,"column":7}},"6":{"start":{"line":22,"column":31},"end":{"line":22,"column":41}},"7":{"start":{"line":23,"column":17},"end":{"line":25,"column":39}},"8":{"start":{"line":26,"column":4},"end":{"line":42,"column":6}},"9":{"start":{"line":31,"column":12},"end":{"line":38,"column":14}}},"fnMap":{"0":{"name":"(anonymous_0)","decl":{"start":{"line":8,"column":2},"end":{"line":8,"column":3}},"loc":{"start":{"line":8,"column":45},"end":{"line":14,"column":3}},"line":8},"1":{"name":"(anonymous_1)","decl":{"start":{"line":11,"column":41},"end":{"line":11,"column":42}},"loc":{"start":{"line":11,"column":50},"end":{"line":11,"column":73}},"line":11},"2":{"name":"(anonymous_2)","decl":{"start":{"line":16,"column":21},"end":{"line":16,"column":22}},"loc":{"start":{"line":16,"column":30},"end":{"line":20,"column":3}},"line":16},"3":{"name":"(anonymous_3)","decl":{"start":{"line":21,"column":2},"end":{"line":21,"column":3}},"loc":{"start":{"line":21,"column":11},"end":{"line":43,"column":3}},"line":21},"4":{"name":"(anonymous_4)","decl":{"start":{"line":30,"column":22},"end":{"line":30,"column":23}},"loc":{"start":{"line":31,"column":12},"end":{"line":38,"column":14}},"line":31}},"branchMap":{"0":{"loc":{"start":{"line":10,"column":4},"end":{"line":12,"column":5}},"type":"if","locations":[{"start":{"line":10,"column":4},"end":{"line":12,"column":5}},{"start":{"line":10,"column":4},"end":{"line":12,"column":5}}],"line":10},"1":{"loc":{"start":{"line":10,"column":8},"end":{"line":10,"column":51}},"type":"binary-expr","locations":[{"start":{"line":10,"column":8},"end":{"line":10,"column":13}},{"start":{"line":10,"column":17},"end":{"line":10,"column":29}},{"start":{"line":10,"column":33},"end":{"line":10,"column":51}}],"line":10},"2":{"loc":{"start":{"line":23,"column":17},"end":{"line":25,"column":39}},"type":"cond-expr","locations":[{"start":{"line":24,"column":8},"end":{"line":24,"column":28}},{"start":{"line":25,"column":8},"end":{"line":25,"column":39}}],"line":23},"3":{"loc":{"start":{"line":36,"column":25},"end":{"line":36,"column":57}},"type":"cond-expr","locations":[{"start":{"line":36,"column":44},"end":{"line":36,"column":52}},{"start":{"line":36,"column":55},"end":{"line":36,"column":57}}],"line":36}},"s":{"0":0,"1":0,"2":0,"3":0,"4":0,"5":0,"6":0,"7":0,"8":0,"9":0},"f":{"0":0,"1":0,"2":0,"3":0,"4":0},"b":{"0":[0,0],"1":[0,0,0],"2":[0,0],"3":[0,0]},"_coverageSchema":"332fd63041d2c1bcb487cc26dd0d5f7d97098a6c","hash":"460dc71417fd6b46c08b5c687b9453ab55bda825"}
,"/Users/gaba/bHoltReact/part_one_react/src/Details.js": {"path":"/Users/gaba/bHoltReact/part_one_react/src/Details.js","statementMap":{"0":{"start":{"line":7,"column":18},"end":{"line":10,"column":2}},"1":{"start":{"line":19,"column":4},"end":{"line":19,"column":56}},"2":{"start":{"line":23,"column":4},"end":{"line":50,"column":9}},"3":{"start":{"line":29,"column":20},"end":{"line":29,"column":38}},"4":{"start":{"line":32,"column":8},"end":{"line":36,"column":9}},"5":{"start":{"line":33,"column":10},"end":{"line":33,"column":46}},"6":{"start":{"line":35,"column":10},"end":{"line":35,"column":35}},"7":{"start":{"line":38,"column":8},"end":{"line":46,"column":11}},"8":{"start":{"line":49,"column":8},"end":{"line":49,"column":22}},"9":{"start":{"line":53,"column":4},"end":{"line":55,"column":5}},"10":{"start":{"line":54,"column":6},"end":{"line":54,"column":33}},"11":{"start":{"line":64,"column":8},"end":{"line":64,"column":18}},"12":{"start":{"line":65,"column":4},"end":{"line":84,"column":6}}},"fnMap":{"0":{"name":"(anonymous_0)","decl":{"start":{"line":18,"column":16},"end":{"line":18,"column":17}},"loc":{"start":{"line":18,"column":22},"end":{"line":20,"column":3}},"line":18},"1":{"name":"(anonymous_1)","decl":{"start":{"line":22,"column":2},"end":{"line":22,"column":3}},"loc":{"start":{"line":22,"column":22},"end":{"line":51,"column":3}},"line":22},"2":{"name":"(anonymous_2)","decl":{"start":{"line":28,"column":12},"end":{"line":28,"column":13}},"loc":{"start":{"line":28,"column":20},"end":{"line":47,"column":7}},"line":28},"3":{"name":"(anonymous_3)","decl":{"start":{"line":48,"column":13},"end":{"line":48,"column":14}},"loc":{"start":{"line":48,"column":20},"end":{"line":50,"column":7}},"line":48},"4":{"name":"(anonymous_4)","decl":{"start":{"line":52,"column":2},"end":{"line":52,"column":3}},"loc":{"start":{"line":52,"column":11},"end":{"line":85,"column":3}},"line":52}},"branchMap":{"0":{"loc":{"start":{"line":32,"column":8},"end":{"line":36,"column":9}},"type":"if","locations":[{"start":{"line":32,"column":8},"end":{"line":36,"column":9}},{"start":{"line":32,"column":8},"end":{"line":36,"column":9}}],"line":32},"1":{"loc":{"start":{"line":53,"column":4},"end":{"line":55,"column":5}},"type":"if","locations":[{"start":{"line":53,"column":4},"end":{"line":55,"column":5}},{"start":{"line":53,"column":4},"end":{"line":55,"column":5}}],"line":53},"2":{"loc":{"start":{"line":75,"column":11},"end":{"line":81,"column":18}},"type":"cond-expr","locations":[{"start":{"line":76,"column":12},"end":{"line":80,"column":20}},{"start":{"line":81,"column":14},"end":{"line":81,"column":18}}],"line":75}},"s":{"0":1,"1":1,"2":2,"3":0,"4":0,"5":0,"6":0,"7":0,"8":0,"9":3,"10":3,"11":0,"12":0},"f":{"0":1,"1":2,"2":0,"3":0,"4":3},"b":{"0":[0,0],"1":[3,0],"2":[0,0]},"_coverageSchema":"332fd63041d2c1bcb487cc26dd0d5f7d97098a6c","hash":"9ff19a1f5fe9ea92072daf7fde29ac840be7a31b"}
,"/Users/gaba/bHoltReact/part_one_react/src/Modal.js": {"path":"/Users/gaba/bHoltReact/part_one_react/src/Modal.js","statementMap":{"0":{"start":{"line":5,"column":18},"end":{"line":5,"column":50}},"1":{"start":{"line":9,"column":4},"end":{"line":9,"column":17}},"2":{"start":{"line":10,"column":4},"end":{"line":10,"column":44}},"3":{"start":{"line":14,"column":4},"end":{"line":14,"column":35}},"4":{"start":{"line":18,"column":4},"end":{"line":18,"column":35}},"5":{"start":{"line":22,"column":4},"end":{"line":22,"column":54}}},"fnMap":{"0":{"name":"(anonymous_0)","decl":{"start":{"line":8,"column":2},"end":{"line":8,"column":3}},"loc":{"start":{"line":8,"column":21},"end":{"line":11,"column":3}},"line":8},"1":{"name":"(anonymous_1)","decl":{"start":{"line":13,"column":2},"end":{"line":13,"column":3}},"loc":{"start":{"line":13,"column":22},"end":{"line":15,"column":3}},"line":13},"2":{"name":"(anonymous_2)","decl":{"start":{"line":17,"column":2},"end":{"line":17,"column":3}},"loc":{"start":{"line":17,"column":25},"end":{"line":19,"column":3}},"line":17},"3":{"name":"(anonymous_3)","decl":{"start":{"line":21,"column":2},"end":{"line":21,"column":3}},"loc":{"start":{"line":21,"column":11},"end":{"line":23,"column":3}},"line":21}},"branchMap":{},"s":{"0":1,"1":0,"2":0,"3":0,"4":0,"5":0},"f":{"0":0,"1":0,"2":0,"3":0},"b":{},"_coverageSchema":"332fd63041d2c1bcb487cc26dd0d5f7d97098a6c","hash":"c4e7183625f2bdcc98acc3d63cb3cbedd175181c"}
}
