TN:
SF:/Users/gaba/bHoltReact/part_one_react/src/Carousel.js
FN:8,(anonymous_0)
FN:11,(anonymous_1)
FN:16,(anonymous_2)
FN:21,(anonymous_3)
FN:30,(anonymous_4)
FNF:5
FNH:0
FNDA:0,(anonymous_0)
FNDA:0,(anonymous_1)
FNDA:0,(anonymous_2)
FNDA:0,(anonymous_3)
FNDA:0,(anonymous_4)
DA:9,0
DA:10,0
DA:11,0
DA:13,0
DA:17,0
DA:22,0
DA:23,0
DA:26,0
DA:31,0
LF:9
LH:0
BRDA:10,0,0,0
BRDA:10,0,1,0
BRDA:10,1,0,0
BRDA:10,1,1,0
BRDA:10,1,2,0
BRDA:23,2,0,0
BRDA:23,2,1,0
BRDA:36,3,0,0
BRDA:36,3,1,0
BRF:9
BRH:0
end_of_record
TN:
SF:/Users/gaba/bHoltReact/part_one_react/src/Details.js
FN:18,(anonymous_0)
FN:22,(anonymous_1)
FN:28,(anonymous_2)
FN:48,(anonymous_3)
FN:52,(anonymous_4)
FNF:5
FNH:3
FNDA:1,(anonymous_0)
FNDA:2,(anonymous_1)
FNDA:0,(anonymous_2)
FNDA:0,(anonymous_3)
FNDA:3,(anonymous_4)
DA:7,1
DA:19,1
DA:23,2
DA:29,0
DA:32,0
DA:33,0
DA:35,0
DA:38,0
DA:49,0
DA:53,3
DA:54,3
DA:64,0
DA:65,0
LF:13
LH:5
BRDA:32,0,0,0
BRDA:32,0,1,0
BRDA:53,1,0,3
BRDA:53,1,1,0
BRDA:75,2,0,0
BRDA:75,2,1,0
BRF:6
BRH:1
end_of_record
TN:
SF:/Users/gaba/bHoltReact/part_one_react/src/Modal.js
FN:8,(anonymous_0)
FN:13,(anonymous_1)
FN:17,(anonymous_2)
FN:21,(anonymous_3)
FNF:4
FNH:0
FNDA:0,(anonymous_0)
FNDA:0,(anonymous_1)
FNDA:0,(anonymous_2)
FNDA:0,(anonymous_3)
DA:5,1
DA:9,0
DA:10,0
DA:14,0
DA:18,0
DA:22,0
LF:6
LH:1
BRF:0
BRH:0
end_of_record
